-------------------------------------------------------------------------------
Test set: com.nchu.solr.SolrdemoApplicationTests
-------------------------------------------------------------------------------
Tests run: 1, Failures: 0, Errors: 1, Skipped: 0, Time elapsed: 7.733 s <<< FAILURE! - in com.nchu.solr.SolrdemoApplicationTests
addItem(com.nchu.solr.SolrdemoApplicationTests)  Time elapsed: 2.417 s  <<< ERROR!
org.springframework.dao.DataAccessResourceFailureException: Connect to 127.0.0.1:8983 [/127.0.0.1] failed: Connection refused: connect; nested exception is org.apache.http.conn.HttpHostConnectException: Connect to 127.0.0.1:8983 [/127.0.0.1] failed: Connection refused: connect
	at com.nchu.solr.SolrdemoApplicationTests.addItem(SolrdemoApplicationTests.java:26)
Caused by: org.apache.http.conn.HttpHostConnectException: Connect to 127.0.0.1:8983 [/127.0.0.1] failed: Connection refused: connect
	at com.nchu.solr.SolrdemoApplicationTests.addItem(SolrdemoApplicationTests.java:26)
Caused by: java.net.ConnectException: Connection refused: connect
	at com.nchu.solr.SolrdemoApplicationTests.addItem(SolrdemoApplicationTests.java:26)

