<?xml version="1.0" encoding="UTF-8"?>
<testsuite xmlns:xsi="http://www.w3.org/2001/XMLSchema-instance" xsi:noNamespaceSchemaLocation="https://maven.apache.org/surefire/maven-surefire-plugin/xsd/surefire-test-report.xsd" name="com.nchu.solr.SolrdemoApplicationTests" time="7.733" tests="1" errors="1" skipped="0" failures="0">
  <properties>
[...]
</properties>
  <testcase name="addItem" classname="com.nchu.solr.SolrdemoApplicationTests" time="2.417">
    <error message="Connect to 127.0.0.1:8983 [/127.0.0.1] failed: Connection refused: connect; nested exception is org.apache.http.conn.HttpHostConnectException: Connect to 127.0.0.1:8983 [/127.0.0.1] failed: Connection refused: connect" type="org.springframework.dao.DataAccessResourceFailureException">org.springframework.dao.DataAccessResourceFailureException: Connect to 127.0.0.1:8983 [/127.0.0.1] failed: Connection refused: connect; nested exception is org.apache.http.conn.HttpHostConnectException: Connect to 127.0.0.1:8983 [/127.0.0.1] failed: Connection refused: connect
	at com.nchu.solr.SolrdemoApplicationTests.addItem(SolrdemoApplicationTests.java:26)
Caused by: org.apache.http.conn.HttpHostConnectException: Connect to 127.0.0.1:8983 [/127.0.0.1] failed: Connection refused: connect
	at com.nchu.solr.SolrdemoApplicationTests.addItem(SolrdemoApplicationTests.java:26)
Caused by: java.net.ConnectException: Connection refused: connect
	at com.nchu.solr.SolrdemoApplicationTests.addItem(SolrdemoApplicationTests.java:26)
</error>
    <system-out><![CDATA[12:08:47.856 [main] DEBUG org.springframework.test.context.junit4.SpringJUnit4ClassRunner - SpringJUnit4ClassRunner constructor called with [class com.nchu.solr.SolrdemoApplicationTests]
12:08:47.864 [main] DEBUG org.springframework.test.context.BootstrapUtils - Instantiating CacheAwareContextLoaderDelegate from class [org.springframework.test.context.cache.DefaultCacheAwareContextLoaderDelegate]
12:08:47.883 [main] DEBUG org.springframework.test.context.BootstrapUtils - Instantiating BootstrapContext using constructor [public org.springframework.test.context.support.DefaultBootstrapContext(java.lang.Class,org.springframework.test.context.CacheAwareContextLoaderDelegate)]
12:08:47.920 [main] DEBUG org.springframework.test.context.BootstrapUtils - Instantiating TestContextBootstrapper for test class [com.nchu.solr.SolrdemoApplicationTests] from class [org.springframework.boot.test.context.SpringBootTestContextBootstrapper]
12:08:47.938 [main] INFO org.springframework.boot.test.context.SpringBootTestContextBootstrapper - Neither @ContextConfiguration nor @ContextHierarchy found for test class [com.nchu.solr.SolrdemoApplicationTests], using SpringBootContextLoader
12:08:47.943 [main] DEBUG org.springframework.test.context.support.AbstractContextLoader - Did not detect default resource location for test class [com.nchu.solr.SolrdemoApplicationTests]: class path resource [com/nchu/solr/SolrdemoApplicationTests-context.xml] does not exist
12:08:47.944 [main] DEBUG org.springframework.test.context.support.AbstractContextLoader - Did not detect default resource location for test class [com.nchu.solr.SolrdemoApplicationTests]: class path resource [com/nchu/solr/SolrdemoApplicationTestsContext.groovy] does not exist
12:08:47.945 [main] INFO org.springframework.test.context.support.AbstractContextLoader - Could not detect default resource locations for test class [com.nchu.solr.SolrdemoApplicationTests]: no resource found for suffixes {-context.xml, Context.groovy}.
12:08:47.946 [main] INFO org.springframework.test.context.support.AnnotationConfigContextLoaderUtils - Could not detect default configuration classes for test class [com.nchu.solr.SolrdemoApplicationTests]: SolrdemoApplicationTests does not declare any static, non-private, non-final, nested classes annotated with @Configuration.
12:08:48.004 [main] DEBUG org.springframework.test.context.support.ActiveProfilesUtils - Could not find an 'annotation declaring class' for annotation type [org.springframework.test.context.ActiveProfiles] and class [com.nchu.solr.SolrdemoApplicationTests]
12:08:48.092 [main] DEBUG org.springframework.context.annotation.ClassPathScanningCandidateComponentProvider - Identified candidate component class: file [H:\nchu2019\shopping-parent\solrdemo\target\classes\com\nchu\solr\SolrdemoApplication.class]
12:08:48.094 [main] INFO org.springframework.boot.test.context.SpringBootTestContextBootstrapper - Found @SpringBootConfiguration com.nchu.solr.SolrdemoApplication for test class com.nchu.solr.SolrdemoApplicationTests
12:08:48.204 [main] DEBUG org.springframework.boot.test.context.SpringBootTestContextBootstrapper - @TestExecutionListeners is not present for class [com.nchu.solr.SolrdemoApplicationTests]: using defaults.
12:08:48.205 [main] INFO org.springframework.boot.test.context.SpringBootTestContextBootstrapper - Loaded default TestExecutionListener class names from location [META-INF/spring.factories]: [org.springframework.boot.test.mock.mockito.MockitoTestExecutionListener, org.springframework.boot.test.mock.mockito.ResetMocksTestExecutionListener, org.springframework.boot.test.autoconfigure.restdocs.RestDocsTestExecutionListener, org.springframework.boot.test.autoconfigure.web.client.MockRestServiceServerResetTestExecutionListener, org.springframework.boot.test.autoconfigure.web.servlet.MockMvcPrintOnlyOnFailureTestExecutionListener, org.springframework.boot.test.autoconfigure.web.servlet.WebDriverTestExecutionListener, org.springframework.test.context.web.ServletTestExecutionListener, org.springframework.test.context.support.DirtiesContextBeforeModesTestExecutionListener, org.springframework.test.context.support.DependencyInjectionTestExecutionListener, org.springframework.test.context.support.DirtiesContextTestExecutionListener, org.springframework.test.context.transaction.TransactionalTestExecutionListener, org.springframework.test.context.jdbc.SqlScriptsTestExecutionListener]
12:08:48.221 [main] INFO org.springframework.boot.test.context.SpringBootTestContextBootstrapper - Using TestExecutionListeners: [org.springframework.test.context.web.ServletTestExecutionListener@6302bbb1, org.springframework.test.context.support.DirtiesContextBeforeModesTestExecutionListener@31304f14, org.springframework.boot.test.mock.mockito.MockitoTestExecutionListener@34a3d150, org.springframework.boot.test.autoconfigure.SpringBootDependencyInjectionTestExecutionListener@2a4fb17b, org.springframework.test.context.support.DirtiesContextTestExecutionListener@5c6648b0, org.springframework.test.context.transaction.TransactionalTestExecutionListener@6f1de4c7, org.springframework.test.context.jdbc.SqlScriptsTestExecutionListener@459e9125, org.springframework.boot.test.mock.mockito.ResetMocksTestExecutionListener@128d2484, org.springframework.boot.test.autoconfigure.restdocs.RestDocsTestExecutionListener@7cc0cdad, org.springframework.boot.test.autoconfigure.web.client.MockRestServiceServerResetTestExecutionListener@7c7b252e, org.springframework.boot.test.autoconfigure.web.servlet.MockMvcPrintOnlyOnFailureTestExecutionListener@4d5d943d, org.springframework.boot.test.autoconfigure.web.servlet.WebDriverTestExecutionListener@368f2016]
12:08:48.224 [main] DEBUG org.springframework.test.annotation.ProfileValueUtils - Retrieved @ProfileValueSourceConfiguration [null] for test class [com.nchu.solr.SolrdemoApplicationTests]
12:08:48.224 [main] DEBUG org.springframework.test.annotation.ProfileValueUtils - Retrieved ProfileValueSource type [class org.springframework.test.annotation.SystemProfileValueSource] for class [com.nchu.solr.SolrdemoApplicationTests]
12:08:48.225 [main] DEBUG org.springframework.test.annotation.ProfileValueUtils - Retrieved @ProfileValueSourceConfiguration [null] for test class [com.nchu.solr.SolrdemoApplicationTests]
12:08:48.226 [main] DEBUG org.springframework.test.annotation.ProfileValueUtils - Retrieved ProfileValueSource type [class org.springframework.test.annotation.SystemProfileValueSource] for class [com.nchu.solr.SolrdemoApplicationTests]
12:08:48.226 [main] DEBUG org.springframework.test.annotation.ProfileValueUtils - Retrieved @ProfileValueSourceConfiguration [null] for test class [com.nchu.solr.SolrdemoApplicationTests]
12:08:48.226 [main] DEBUG org.springframework.test.annotation.ProfileValueUtils - Retrieved ProfileValueSource type [class org.springframework.test.annotation.SystemProfileValueSource] for class [com.nchu.solr.SolrdemoApplicationTests]
12:08:48.230 [main] DEBUG org.springframework.test.context.support.AbstractDirtiesContextTestExecutionListener - Before test class: context [DefaultTestContext@2d3379b4 testClass = SolrdemoApplicationTests, testInstance = [null], testMethod = [null], testException = [null], mergedContextConfiguration = [WebMergedContextConfiguration@30c15d8b testClass = SolrdemoApplicationTests, locations = '{}', classes = '{class com.nchu.solr.SolrdemoApplication}', contextInitializerClasses = '[]', activeProfiles = '{}', propertySourceLocations = '{}', propertySourceProperties = '{org.springframework.boot.test.context.SpringBootTestContextBootstrapper=true}', contextCustomizers = set[org.springframework.boot.test.context.filter.ExcludeFilterContextCustomizer@1d371b2d, org.springframework.boot.test.json.DuplicateJsonObjectContextCustomizerFactory$DuplicateJsonObjectContextCustomizer@51c8530f, org.springframework.boot.test.mock.mockito.MockitoContextCustomizer@0, org.springframework.boot.test.web.client.TestRestTemplateContextCustomizer@704d6e83, org.springframework.boot.test.autoconfigure.properties.PropertyMappingContextCustomizer@0, org.springframework.boot.test.autoconfigure.web.servlet.WebDriverContextCustomizerFactory$Customizer@24a35978], resourceBasePath = 'src/main/webapp', contextLoader = 'org.springframework.boot.test.context.SpringBootContextLoader', parent = [null]], attributes = map['org.springframework.test.context.web.ServletTestExecutionListener.activateListener' -> true]], class annotated with @DirtiesContext [false] with mode [null].
12:08:48.230 [main] DEBUG org.springframework.test.annotation.ProfileValueUtils - Retrieved @ProfileValueSourceConfiguration [null] for test class [com.nchu.solr.SolrdemoApplicationTests]
12:08:48.230 [main] DEBUG org.springframework.test.annotation.ProfileValueUtils - Retrieved ProfileValueSource type [class org.springframework.test.annotation.SystemProfileValueSource] for class [com.nchu.solr.SolrdemoApplicationTests]
12:08:48.250 [main] DEBUG org.springframework.test.context.support.TestPropertySourceUtils - Adding inlined properties to environment: {spring.jmx.enabled=false, org.springframework.boot.test.context.SpringBootTestContextBootstrapper=true, server.port=-1}

  .   ____          _            __ _ _
 /\\ / ___'_ __ _ _(_)_ __  __ _ \ \ \ \
( ( )\___ | '_ | '_| | '_ \/ _` | \ \ \ \
 \\/  ___)| |_)| | | | | || (_| |  ) ) ) )
  '  |____| .__|_| |_|_| |_\__, | / / / /
 =========|_|==============|___/=/_/_/_/
 :: Spring Boot ::        (v2.1.8.RELEASE)

2019-09-12 12:08:48.589  INFO 12028 --- [           main] com.nchu.solr.SolrdemoApplicationTests   : Starting SolrdemoApplicationTests on DESKTOP-GC93B72 with PID 12028 (started by lilong in H:\nchu2019\shopping-parent\solrdemo)
2019-09-12 12:08:48.591  INFO 12028 --- [           main] com.nchu.solr.SolrdemoApplicationTests   : No active profile set, falling back to default profiles: default
2019-09-12 12:08:49.292  INFO 12028 --- [           main] .s.d.r.c.RepositoryConfigurationDelegate : Bootstrapping Spring Data repositories in DEFAULT mode.
2019-09-12 12:08:49.320  INFO 12028 --- [           main] .s.d.r.c.RepositoryConfigurationDelegate : Finished Spring Data repository scanning in 17ms. Found 0 repository interfaces.
2019-09-12 12:08:52.396  INFO 12028 --- [           main] o.s.s.concurrent.ThreadPoolTaskExecutor  : Initializing ExecutorService 'applicationTaskExecutor'
2019-09-12 12:08:52.919  INFO 12028 --- [           main] com.nchu.solr.SolrdemoApplicationTests   : Started SolrdemoApplicationTests in 4.66 seconds (JVM running for 5.817)
]]></system-out>
  </testcase>
</testsuite>